[debug] [2023-08-24T03:34:30.090Z] ----------------------------------------------------------------------
[debug] [2023-08-24T03:34:30.093Z] Command:       C:\Program Files\nodejs\node.exe C:\Users\MagnumOpus\AppData\Roaming\npm\node_modules\firebase-tools\lib\bin\firebase.js serve
[debug] [2023-08-24T03:34:30.093Z] CLI Version:   12.5.0
[debug] [2023-08-24T03:34:30.093Z] Platform:      win32
[debug] [2023-08-24T03:34:30.093Z] Node Version:  v20.4.0
[debug] [2023-08-24T03:34:30.093Z] Time:          Thu Aug 24 2023 09:04:30 GMT+0530 (India Standard Time)
[debug] [2023-08-24T03:34:30.093Z] ----------------------------------------------------------------------
[debug] 
[debug] [2023-08-24T03:34:30.097Z] >>> [apiv2][query] GET https://firebase-public.firebaseio.com/cli.json [none]
[debug] [2023-08-24T03:34:30.197Z] > command requires scopes: ["email","openid","https://www.googleapis.com/auth/cloudplatformprojects.readonly","https://www.googleapis.com/auth/firebase","https://www.googleapis.com/auth/cloud-platform"]
[debug] [2023-08-24T03:34:30.197Z] > authorizing via signed-in user (frankmath2005@gmail.com)
[debug] [2023-08-24T03:34:30.197Z] [iam] checking project fms-monopoly for permissions ["firebase.projects.get"]
[debug] [2023-08-24T03:34:30.198Z] > refreshing access token with scopes: []
[debug] [2023-08-24T03:34:30.199Z] >>> [apiv2][query] POST https://www.googleapis.com/oauth2/v3/token [none]
[debug] [2023-08-24T03:34:30.199Z] >>> [apiv2][body] POST https://www.googleapis.com/oauth2/v3/token [omitted]
[debug] [2023-08-24T03:34:30.493Z] <<< [apiv2][status] POST https://www.googleapis.com/oauth2/v3/token 200
[debug] [2023-08-24T03:34:30.493Z] <<< [apiv2][body] POST https://www.googleapis.com/oauth2/v3/token [omitted]
[debug] [2023-08-24T03:34:30.507Z] >>> [apiv2][query] POST https://cloudresourcemanager.googleapis.com/v1/projects/fms-monopoly:testIamPermissions [none]
[debug] [2023-08-24T03:34:30.507Z] >>> [apiv2][(partial)header] POST https://cloudresourcemanager.googleapis.com/v1/projects/fms-monopoly:testIamPermissions x-goog-quota-user=projects/fms-monopoly
[debug] [2023-08-24T03:34:30.507Z] >>> [apiv2][body] POST https://cloudresourcemanager.googleapis.com/v1/projects/fms-monopoly:testIamPermissions {"permissions":["firebase.projects.get"]}
[debug] [2023-08-24T03:34:30.938Z] <<< [apiv2][status] GET https://firebase-public.firebaseio.com/cli.json 200
[debug] [2023-08-24T03:34:30.938Z] <<< [apiv2][body] GET https://firebase-public.firebaseio.com/cli.json {"cloudBuildErrorAfter":1594252800000,"cloudBuildWarnAfter":1590019200000,"defaultNode10After":1594252800000,"minVersion":"3.0.5","node8DeploysDisabledAfter":1613390400000,"node8RuntimeDisabledAfter":1615809600000,"node8WarnAfter":1600128000000}
[debug] [2023-08-24T03:34:32.247Z] <<< [apiv2][status] POST https://cloudresourcemanager.googleapis.com/v1/projects/fms-monopoly:testIamPermissions 200
[debug] [2023-08-24T03:34:32.248Z] <<< [apiv2][body] POST https://cloudresourcemanager.googleapis.com/v1/projects/fms-monopoly:testIamPermissions {"permissions":["firebase.projects.get"]}
[debug] [2023-08-24T03:34:32.248Z] >>> [apiv2][query] GET https://firebase.googleapis.com/v1beta1/projects/fms-monopoly [none]
[debug] [2023-08-24T03:34:32.892Z] <<< [apiv2][status] GET https://firebase.googleapis.com/v1beta1/projects/fms-monopoly 200
[debug] [2023-08-24T03:34:32.892Z] <<< [apiv2][body] GET https://firebase.googleapis.com/v1beta1/projects/fms-monopoly {"projectId":"fms-monopoly","projectNumber":"547788671057","displayName":"fms-monopoly","name":"projects/fms-monopoly","resources":{"hostingSite":"fms-monopoly","storageBucket":"fms-monopoly.appspot.com","locationId":"europe-west"},"state":"ACTIVE","etag":"1_29d699af-d2a4-4cbf-b71b-0b59d8c2faf2"}
[info] 
[info] === Serving from 'C:\Users\MagnumOpus\OneDrive\Documents\Projects\monopoly'...
[info] 
[debug] [2023-08-24T03:34:32.899Z] >>> [apiv2][query] GET https://firebasehosting.googleapis.com/v1beta1/projects/fms-monopoly/sites 
[debug] [2023-08-24T03:34:34.282Z] <<< [apiv2][status] GET https://firebasehosting.googleapis.com/v1beta1/projects/fms-monopoly/sites 200
[debug] [2023-08-24T03:34:34.282Z] <<< [apiv2][body] GET https://firebasehosting.googleapis.com/v1beta1/projects/fms-monopoly/sites {"sites":[{"name":"projects/fms-monopoly/sites/fms-monopoly","defaultUrl":"https://fms-monopoly.web.app","type":"DEFAULT_SITE"}]}
[debug] [2023-08-24T03:34:34.283Z] >>> [apiv2][query] GET https://firebase.googleapis.com/v1beta1/projects/fms-monopoly/webApps/-/config [none]
[debug] [2023-08-24T03:34:35.213Z] <<< [apiv2][status] GET https://firebase.googleapis.com/v1beta1/projects/fms-monopoly/webApps/-/config 200
[debug] [2023-08-24T03:34:35.213Z] <<< [apiv2][body] GET https://firebase.googleapis.com/v1beta1/projects/fms-monopoly/webApps/-/config {"projectId":"fms-monopoly","storageBucket":"fms-monopoly.appspot.com","locationId":"europe-west","apiKey":"AIzaSyALQT4NFny_6XOf2aTV-UbTh_EF9EWWO7M","authDomain":"fms-monopoly.firebaseapp.com","messagingSenderId":"547788671057"}
[debug] [2023-08-24T03:34:35.220Z] >>> [apiv2][query] GET https://firebase.googleapis.com/v1beta1/projects/fms-monopoly [none]
[debug] [2023-08-24T03:34:35.659Z] <<< [apiv2][status] GET https://firebase.googleapis.com/v1beta1/projects/fms-monopoly 200
[debug] [2023-08-24T03:34:35.659Z] <<< [apiv2][body] GET https://firebase.googleapis.com/v1beta1/projects/fms-monopoly {"projectId":"fms-monopoly","projectNumber":"547788671057","displayName":"fms-monopoly","name":"projects/fms-monopoly","resources":{"hostingSite":"fms-monopoly","storageBucket":"fms-monopoly.appspot.com","locationId":"europe-west"},"state":"ACTIVE","etag":"1_29d699af-d2a4-4cbf-b71b-0b59d8c2faf2"}
[info] i  hosting[fms-monopoly]: Serving hosting files from: / {"metadata":{"emulator":{"name":"hosting"},"message":"Serving hosting files from: \u001b[1m/\u001b[22m"}}
[info] +  hosting[fms-monopoly]: Local server: http://localhost:5000 {"metadata":{"emulator":{"name":"hosting"},"message":"Local server: \u001b[4m\u001b[1mhttp://localhost:5000\u001b[22m\u001b[24m"}}
[info] i  hosting: ::1 - - [24/Aug/2023:03:34:35 +0000] "GET / HTTP/1.1" 200 - "-" "Mozilla/5.0 (Windows NT 10.0; Win64; x64) AppleWebKit/537.36 (KHTML, like Gecko) Chrome/115.0.0.0 Safari/537.36 Edg/115.0.1901.203" {"metadata":{"emulator":{"name":"hosting"},"message":"::1 - - [24/Aug/2023:03:34:35 +0000] \"GET / HTTP/1.1\" 200 - \"-\" \"Mozilla/5.0 (Windows NT 10.0; Win64; x64) AppleWebKit/537.36 (KHTML, like Gecko) Chrome/115.0.0.0 Safari/537.36 Edg/115.0.1901.203\""}}
[info] i  hosting: ::1 - - [24/Aug/2023:03:34:35 +0000] "GET /assets/js/script.js HTTP/1.1" 200 - "http://localhost:5000/" "Mozilla/5.0 (Windows NT 10.0; Win64; x64) AppleWebKit/537.36 (KHTML, like Gecko) Chrome/115.0.0.0 Safari/537.36 Edg/115.0.1901.203" {"metadata":{"emulator":{"name":"hosting"},"message":"::1 - - [24/Aug/2023:03:34:35 +0000] \"GET /assets/js/script.js HTTP/1.1\" 200 - \"http://localhost:5000/\" \"Mozilla/5.0 (Windows NT 10.0; Win64; x64) AppleWebKit/537.36 (KHTML, like Gecko) Chrome/115.0.0.0 Safari/537.36 Edg/115.0.1901.203\""}}
